2024-06-10 14:19:05,738 ERROR frappe New Exception collected in error log
Site: airplane.localhost
Form Dict: {'doc': '{"name":"Airplanes By Airline","owner":"Administrator","creation":"2024-06-10 13:35:32.037350","modified":"2024-06-10 13:40:14.044683","modified_by":"Administrator","docstatus":0,"idx":0,"report_name":"Airplanes By Airline","ref_doctype":"Airplane","is_standard":"Yes","module":"Airplane Mode","report_type":"Report Builder","letter_head":"","add_total_row":0,"disabled":0,"prepared_report":0,"json":{"filters":[],"fields":[["airline","Airplane"],["_aggregate_column","Airplane"]],"order_by":"`tabAirplane`.creation desc","page_length":20,"column_widths":{"airline":120,"_aggregate_column":200},"group_by":{"group_by":"`tabAirplane`.`airline`","aggregate_function":"count"}},"doctype":"Report","columns":[{"name":"61fo7qtpd5","owner":"Administrator","creation":"2024-06-10 13:35:32.037350","modified":"2024-06-10 13:40:14.044683","modified_by":"Administrator","docstatus":0,"idx":1,"fieldname":"airline","label":"Airline","fieldtype":"Data","width":0,"parent":"Airplanes By Airline","parentfield":"columns","parenttype":"Report","doctype":"Report Column"},{"name":"61fo5c583v","owner":"Administrator","creation":"2024-06-10 13:35:32.037350","modified":"2024-06-10 13:40:14.044683","modified_by":"Administrator","docstatus":0,"idx":2,"fieldname":"name","label":"Count","fieldtype":"Int","width":0,"parent":"Airplanes By Airline","parentfield":"columns","parenttype":"Report","doctype":"Report Column"}],"roles":[{"name":"61fon72lmb","owner":"Administrator","creation":"2024-06-10 13:35:32.037350","modified":"2024-06-10 13:40:14.044683","modified_by":"Administrator","docstatus":0,"idx":1,"role":"System Manager","parent":"Airplanes By Airline","parentfield":"roles","parenttype":"Report","doctype":"Has Role"}],"filters":[],"__last_sync_on":"2024-06-10T08:10:30.378Z","__unsaved":1}', 'action': 'Save', 'cmd': 'frappe.desk.form.save.savedocs'}
2024-06-10 14:19:16,920 ERROR frappe New Exception collected in error log
Site: airplane.localhost
Form Dict: {'doc': '{"name":"Airplanes By Airline","owner":"Administrator","creation":"2024-06-10 13:35:32.037350","modified":"2024-06-10 13:40:14.044683","modified_by":"Administrator","docstatus":0,"idx":0,"report_name":"Airplanes By Airline","ref_doctype":"Airplane","is_standard":"Yes","module":"Airplane Mode","report_type":"Report Builder","letter_head":"","add_total_row":0,"disabled":0,"prepared_report":0,"json":{"filters":[],"fields":[["airline","Airplane"],["_aggregate_column","Airplane"]],"order_by":"`tabAirplane`.creation desc","page_length":20,"column_widths":{"airline":120,"_aggregate_column":200},"group_by":{"group_by":"`tabAirplane`.`airline`","aggregate_function":"count"}},"doctype":"Report","columns":[{"name":"61fo7qtpd5","owner":"Administrator","creation":"2024-06-10 13:35:32.037350","modified":"2024-06-10 13:40:14.044683","modified_by":"Administrator","docstatus":0,"idx":1,"fieldname":"airline","label":"Airline","fieldtype":"Data","width":0,"parent":"Airplanes By Airline","parentfield":"columns","parenttype":"Report","doctype":"Report Column"},{"name":"61fo5c583v","owner":"Administrator","creation":"2024-06-10 13:35:32.037350","modified":"2024-06-10 13:40:14.044683","modified_by":"Administrator","docstatus":0,"idx":2,"fieldname":"name","label":"Count","fieldtype":"Int","width":0,"parent":"Airplanes By Airline","parentfield":"columns","parenttype":"Report","doctype":"Report Column"}],"roles":[{"name":"61fon72lmb","owner":"Administrator","creation":"2024-06-10 13:35:32.037350","modified":"2024-06-10 13:40:14.044683","modified_by":"Administrator","docstatus":0,"idx":1,"role":"System Manager","parent":"Airplanes By Airline","parentfield":"roles","parenttype":"Report","doctype":"Has Role"}],"filters":[],"__last_sync_on":"2024-06-10T08:10:30.378Z","__unsaved":1}', 'action': 'Save', 'cmd': 'frappe.desk.form.save.savedocs'}
2024-06-10 14:19:51,628 ERROR frappe New Exception collected in error log
Site: airplane.localhost
Form Dict: {'doc': '{"name":"Airplanes By Airline","owner":"Administrator","creation":"2024-06-10 13:35:32.037350","modified":"2024-06-10 13:40:14.044683","modified_by":"Administrator","docstatus":0,"idx":0,"report_name":"Airplanes By Airline","ref_doctype":"Airplane","is_standard":"Yes","module":"Airplane Mode","report_type":"Report Builder","letter_head":"","add_total_row":0,"disabled":0,"prepared_report":0,"json":{"filters":[],"fields":[["airline","Airplane"],["_aggregate_column","Airplane"]],"order_by":"`tabAirplane`.creation desc","page_length":20,"column_widths":{"airline":120,"_aggregate_column":200},"group_by":{"group_by":"`tabAirplane`.`airline`","aggregate_function":"count"}},"doctype":"Report","columns":[{"name":"61fo7qtpd5","owner":"Administrator","creation":"2024-06-10 13:35:32.037350","modified":"2024-06-10 13:40:14.044683","modified_by":"Administrator","docstatus":0,"idx":1,"fieldname":"airline","label":"Airline","fieldtype":"Data","width":0,"parent":"Airplanes By Airline","parentfield":"columns","parenttype":"Report","doctype":"Report Column"}],"roles":[{"name":"61fon72lmb","owner":"Administrator","creation":"2024-06-10 13:35:32.037350","modified":"2024-06-10 13:40:14.044683","modified_by":"Administrator","docstatus":0,"idx":1,"role":"System Manager","parent":"Airplanes By Airline","parentfield":"roles","parenttype":"Report","doctype":"Has Role"}],"filters":[],"__last_sync_on":"2024-06-10T08:10:30.378Z","__unsaved":1}', 'action': 'Save', 'cmd': 'frappe.desk.form.save.savedocs'}
2024-06-10 14:19:56,818 ERROR frappe New Exception collected in error log
Site: airplane.localhost
Form Dict: {'doc': '{"name":"Airplanes By Airline","owner":"Administrator","creation":"2024-06-10 13:35:32.037350","modified":"2024-06-10 13:40:14.044683","modified_by":"Administrator","docstatus":0,"idx":0,"report_name":"Airplanes By Airline","ref_doctype":"Airplane","is_standard":"Yes","module":"Airplane Mode","report_type":"Report Builder","letter_head":"","add_total_row":0,"disabled":0,"prepared_report":0,"json":{"filters":[],"fields":[["airline","Airplane"],["_aggregate_column","Airplane"]],"order_by":"`tabAirplane`.creation desc","page_length":20,"column_widths":{"airline":120,"_aggregate_column":200},"group_by":{"group_by":"`tabAirplane`.`airline`","aggregate_function":"count"}},"doctype":"Report","columns":[],"roles":[{"name":"61fon72lmb","owner":"Administrator","creation":"2024-06-10 13:35:32.037350","modified":"2024-06-10 13:40:14.044683","modified_by":"Administrator","docstatus":0,"idx":1,"role":"System Manager","parent":"Airplanes By Airline","parentfield":"roles","parenttype":"Report","doctype":"Has Role"}],"filters":[],"__last_sync_on":"2024-06-10T08:10:30.378Z","__unsaved":1}', 'action': 'Save', 'cmd': 'frappe.desk.form.save.savedocs'}
2024-06-10 16:02:15,880 ERROR frappe New Exception collected in error log
Site: airplane.localhost
Form Dict: {'name': 'Airplanes By Airline', 'cmd': 'frappe.email.doctype.auto_email_report.auto_email_report.send_now'}
2024-06-10 17:41:50,116 ERROR frappe New Exception collected in error log
Site: airplane.localhost
Form Dict: {'report_name': 'Add-on Popularity', 'filters': '{}', 'ignore_prepared_report': 'false', 'are_default_filters': 'true', 'cmd': 'frappe.desk.query_report.run'}
2024-06-10 17:42:34,961 ERROR frappe New Exception collected in error log
Site: airplane.localhost
Form Dict: {'report_name': 'Add-on Popularity', 'filters': '{}', 'ignore_prepared_report': 'false', 'are_default_filters': 'true', 'cmd': 'frappe.desk.query_report.run'}
2024-06-10 17:42:43,713 ERROR frappe New Exception collected in error log
Site: airplane.localhost
Form Dict: {'report_name': 'Add-on Popularity', 'filters': '{}', 'ignore_prepared_report': 'false', 'are_default_filters': 'true', 'cmd': 'frappe.desk.query_report.run'}
2024-06-10 17:47:01,001 ERROR frappe New Exception collected in error log
Site: airplane.localhost
Form Dict: {'report_name': 'Add-on Popularity', 'filters': '{}', 'ignore_prepared_report': 'false', 'are_default_filters': 'true', 'cmd': 'frappe.desk.query_report.run'}
2024-06-10 17:53:57,749 ERROR frappe New Exception collected in error log
Site: airplane.localhost
Form Dict: {'report_name': 'Add-on Popularity', 'filters': '{}', 'ignore_prepared_report': 'false', 'are_default_filters': 'true', 'cmd': 'frappe.desk.query_report.run'}
2024-06-10 17:54:06,601 ERROR frappe New Exception collected in error log
Site: airplane.localhost
Form Dict: {'report_name': 'Add-on Popularity', 'filters': '{}', 'ignore_prepared_report': 'false', 'are_default_filters': 'true', 'cmd': 'frappe.desk.query_report.run'}
2024-06-10 17:54:20,291 ERROR frappe New Exception collected in error log
Site: airplane.localhost
Form Dict: {'report_name': 'Add-on Popularity', 'filters': '{}', 'ignore_prepared_report': 'false', 'are_default_filters': 'true', 'cmd': 'frappe.desk.query_report.run'}
2024-06-10 17:54:29,481 ERROR frappe New Exception collected in error log
Site: airplane.localhost
Form Dict: {'report_name': 'Add-on Popularity', 'filters': '{}', 'ignore_prepared_report': 'false', 'are_default_filters': 'true', 'cmd': 'frappe.desk.query_report.run'}
2024-06-10 17:57:16,765 ERROR frappe New Exception collected in error log
Site: airplane.localhost
Form Dict: {'report_name': 'Add-on Popularity', 'filters': '{}', 'ignore_prepared_report': 'false', 'are_default_filters': 'true', 'cmd': 'frappe.desk.query_report.run'}
2024-06-10 17:57:30,348 ERROR frappe New Exception collected in error log
Site: airplane.localhost
Form Dict: {'report_name': 'Add-on Popularity', 'filters': '{}', 'ignore_prepared_report': 'false', 'are_default_filters': 'true', 'cmd': 'frappe.desk.query_report.run'}
2024-06-10 17:57:40,299 ERROR frappe New Exception collected in error log
Site: airplane.localhost
Form Dict: {'report_name': 'Add-on Popularity', 'filters': '{}', 'ignore_prepared_report': 'false', 'are_default_filters': 'true', 'cmd': 'frappe.desk.query_report.run'}
2024-06-10 17:57:55,586 ERROR frappe New Exception collected in error log
Site: airplane.localhost
Form Dict: {'report_name': 'Add-on Popularity', 'filters': '{}', 'ignore_prepared_report': 'false', 'are_default_filters': 'true', 'cmd': 'frappe.desk.query_report.run'}
2024-06-10 17:58:13,890 ERROR frappe New Exception collected in error log
Site: airplane.localhost
Form Dict: {'report_name': 'Add-on Popularity', 'filters': '{}', 'ignore_prepared_report': 'false', 'are_default_filters': 'true', 'cmd': 'frappe.desk.query_report.run'}
2024-06-10 17:58:29,978 ERROR frappe New Exception collected in error log
Site: airplane.localhost
Form Dict: {'report_name': 'Add-on Popularity', 'filters': '{}', 'ignore_prepared_report': 'false', 'are_default_filters': 'true', 'cmd': 'frappe.desk.query_report.run'}
2024-06-10 17:58:40,057 ERROR frappe New Exception collected in error log
Site: airplane.localhost
Form Dict: {'report_name': 'Add-on Popularity', 'filters': '{}', 'ignore_prepared_report': 'false', 'are_default_filters': 'true', 'cmd': 'frappe.desk.query_report.run'}
2024-06-10 17:59:30,024 ERROR frappe New Exception collected in error log
Site: airplane.localhost
Form Dict: {'report_name': 'Add-on Popularity', 'filters': '{}', 'ignore_prepared_report': 'false', 'are_default_filters': 'true', 'cmd': 'frappe.desk.query_report.run'}
2024-06-10 17:59:38,416 ERROR frappe New Exception collected in error log
Site: airplane.localhost
Form Dict: {'report_name': 'Add-on Popularity', 'filters': '{}', 'ignore_prepared_report': 'false', 'are_default_filters': 'true', 'cmd': 'frappe.desk.query_report.run'}
2024-06-10 17:59:52,282 ERROR frappe New Exception collected in error log
Site: airplane.localhost
Form Dict: {'report_name': 'Add-on Popularity', 'filters': '{"name":"%A%"}', 'ignore_prepared_report': 'false', 'are_default_filters': 'false', 'cmd': 'frappe.desk.query_report.run'}
2024-06-10 18:00:15,592 ERROR frappe New Exception collected in error log
Site: airplane.localhost
Form Dict: {'report_name': 'Add-on Popularity', 'filters': '{"name":"%A%"}', 'ignore_prepared_report': 'false', 'are_default_filters': 'false', 'cmd': 'frappe.desk.query_report.run'}
2024-06-10 18:00:37,726 ERROR frappe New Exception collected in error log
Site: airplane.localhost
Form Dict: {'report_name': 'Add-on Popularity', 'filters': '{"name":"%A%"}', 'ignore_prepared_report': 'false', 'are_default_filters': 'false', 'cmd': 'frappe.desk.query_report.run'}
2024-06-10 18:02:00,684 ERROR frappe New Exception collected in error log
Site: airplane.localhost
Form Dict: {'report_name': 'Add-on Popularity', 'filters': '{"name":"%Din%"}', 'ignore_prepared_report': 'false', 'are_default_filters': 'false', 'cmd': 'frappe.desk.query_report.run'}
2024-06-10 18:04:31,193 ERROR frappe New Exception collected in error log
Site: airplane.localhost
Form Dict: {'report_name': 'Add-on Popularity', 'filters': '{"name1":"%%D%%"}', 'ignore_prepared_report': 'false', 'are_default_filters': 'false', 'cmd': 'frappe.desk.query_report.run'}
2024-06-10 18:04:31,513 ERROR frappe New Exception collected in error log
Site: airplane.localhost
Form Dict: {'report_name': 'Add-on Popularity', 'filters': '{"name1":"%%D%%"}', 'ignore_prepared_report': 'false', 'are_default_filters': 'false', 'cmd': 'frappe.desk.query_report.run'}
2024-06-10 18:04:37,266 ERROR frappe New Exception collected in error log
Site: airplane.localhost
Form Dict: {'report_name': 'Add-on Popularity', 'filters': '{"name1":"%D%"}', 'ignore_prepared_report': 'false', 'are_default_filters': 'false', 'cmd': 'frappe.desk.query_report.run'}
2024-06-10 18:05:08,563 ERROR frappe New Exception collected in error log
Site: airplane.localhost
Form Dict: {'report_name': 'Add-on Popularity', 'filters': '{"name1":"%%D%%"}', 'ignore_prepared_report': 'false', 'are_default_filters': 'false', 'cmd': 'frappe.desk.query_report.run'}
2024-06-10 18:05:08,880 ERROR frappe New Exception collected in error log
Site: airplane.localhost
Form Dict: {'report_name': 'Add-on Popularity', 'filters': '{"name1":"%%D%%"}', 'ignore_prepared_report': 'false', 'are_default_filters': 'false', 'cmd': 'frappe.desk.query_report.run'}
2024-06-10 18:05:18,719 ERROR frappe New Exception collected in error log
Site: airplane.localhost
Form Dict: {'report_name': 'Add-on Popularity', 'filters': '{"name1":"%D%"}', 'ignore_prepared_report': 'false', 'are_default_filters': 'false', 'cmd': 'frappe.desk.query_report.run'}
2024-06-10 18:07:24,945 ERROR frappe New Exception collected in error log
Site: airplane.localhost
Form Dict: {'report_name': 'Add-on Popularity', 'filters': '{}', 'ignore_prepared_report': 'false', 'are_default_filters': 'false', 'cmd': 'frappe.desk.query_report.run'}
2024-06-10 18:09:06,355 ERROR frappe New Exception collected in error log
Site: airplane.localhost
Form Dict: {'report_name': 'Add-on Popularity', 'filters': '{}', 'ignore_prepared_report': 'false', 'are_default_filters': 'false', 'cmd': 'frappe.desk.query_report.run'}
2024-06-10 18:13:10,629 ERROR frappe New Exception collected in error log
Site: airplane.localhost
Form Dict: {'report_name': 'Add-on Popularity', 'filters': '{}', 'ignore_prepared_report': 'false', 'are_default_filters': 'true', 'cmd': 'frappe.desk.query_report.run'}
2024-06-10 18:14:01,678 ERROR frappe New Exception collected in error log
Site: airplane.localhost
Form Dict: {'report_name': 'Add-on Popularity', 'filters': '{}', 'ignore_prepared_report': 'false', 'are_default_filters': 'true', 'cmd': 'frappe.desk.query_report.run'}
2024-06-11 09:37:26,864 ERROR frappe Error while inserting deferred Error Log record: Error Log s1nkpau7s1: 'Title' ((1064, 'You have an error in your SQL syntax; check the manual that corresponds to your MariaDB server version for the right syntax to use near \'\'filters\': \'()\', \'fields\': "((\'airline\',\'Airplane\'),(\'_aggregate_column\',\'Air...\' at line 2')) will get truncated, as max characters allowed is 140
Site: airplane.localhost
Form Dict: {}
2024-06-11 09:37:26,867 ERROR frappe Error while inserting deferred Error Log record: Error Log s1nk2877ub: 'Title' ((1064, 'You have an error in your SQL syntax; check the manual that corresponds to your MariaDB server version for the right syntax to use near \'\'filters\': \'()\', \'fields\': "((\'airline\',\'Airplane\'),(\'_aggregate_column\',\'Air...\' at line 2')) will get truncated, as max characters allowed is 140
Site: airplane.localhost
Form Dict: {}
2024-06-11 09:37:26,870 ERROR frappe Error while inserting deferred Error Log record: Error Log s1nksekl4a: 'Title' ((1064, 'You have an error in your SQL syntax; check the manual that corresponds to your MariaDB server version for the right syntax to use near \'\'filters\': \'()\', \'fields\': "((\'airline\',\'Airplane\'),(\'_aggregate_column\',\'Air...\' at line 2')) will get truncated, as max characters allowed is 140
Site: airplane.localhost
Form Dict: {}
2024-06-11 09:37:26,872 ERROR frappe Error while inserting deferred Error Log record: Error Log s1nkbkagf1: 'Title' ((1064, 'You have an error in your SQL syntax; check the manual that corresponds to your MariaDB server version for the right syntax to use near \'\'filters\': \'()\', \'fields\': "((\'airline\',\'Airplane\'),(\'_aggregate_column\',\'Air...\' at line 2')) will get truncated, as max characters allowed is 140
Site: airplane.localhost
Form Dict: {}
2024-06-11 09:37:26,875 ERROR frappe Error while inserting deferred Error Log record: Error Log s1nkd3i4lr: 'Title' ((1064, 'You have an error in your SQL syntax; check the manual that corresponds to your MariaDB server version for the right syntax to use near \'\'filters\': \'()\', \'fields\': "((\'airline\',\'Airplane\'),(\'_aggregate_column\',\'Air...\' at line 2')) will get truncated, as max characters allowed is 140
Site: airplane.localhost
Form Dict: {}
2024-06-11 09:37:26,878 ERROR frappe Error while inserting deferred Error Log record: Error Log s1nkn1853d: 'Title' ((1064, 'You have an error in your SQL syntax; check the manual that corresponds to your MariaDB server version for the right syntax to use near \'\'filters\': \'()\', \'fields\': "((\'airline\',\'Airplane\'),(\'_aggregate_column\',\'Air...\' at line 2')) will get truncated, as max characters allowed is 140
Site: airplane.localhost
Form Dict: {}
2024-06-11 09:37:26,881 ERROR frappe Error while inserting deferred Error Log record: Error Log s1nk0cr2h6: 'Title' ((1064, 'You have an error in your SQL syntax; check the manual that corresponds to your MariaDB server version for the right syntax to use near \'\'filters\': \'()\', \'fields\': "((\'airline\',\'Airplane\'),(\'_aggregate_column\',\'Air...\' at line 2')) will get truncated, as max characters allowed is 140
Site: airplane.localhost
Form Dict: {}
2024-06-11 16:05:45,154 ERROR frappe New Exception collected in error log
Site: airplane.localhost
Form Dict: {'report_name': 'Revenue By Airline', 'filters': '{}', 'ignore_prepared_report': 'false', 'are_default_filters': 'true', 'cmd': 'frappe.desk.query_report.run'}
2024-06-11 16:06:43,754 ERROR frappe New Exception collected in error log
Site: airplane.localhost
Form Dict: {'report_name': 'Revenue By Airline', 'filters': '{}', 'ignore_prepared_report': 'false', 'are_default_filters': 'true', 'cmd': 'frappe.desk.query_report.run'}
2024-06-11 16:07:56,104 ERROR frappe New Exception collected in error log
Site: airplane.localhost
Form Dict: {'report_name': 'Revenue By Airline', 'filters': '{}', 'ignore_prepared_report': 'false', 'are_default_filters': 'true', 'cmd': 'frappe.desk.query_report.run'}
2024-06-11 16:08:22,570 ERROR frappe New Exception collected in error log
Site: airplane.localhost
Form Dict: {'report_name': 'Revenue By Airline', 'filters': '{}', 'ignore_prepared_report': 'false', 'are_default_filters': 'true', 'cmd': 'frappe.desk.query_report.run'}
2024-06-11 16:08:31,921 ERROR frappe New Exception collected in error log
Site: airplane.localhost
Form Dict: {'report_name': 'Revenue By Airline', 'filters': '{}', 'ignore_prepared_report': 'false', 'are_default_filters': 'true', 'cmd': 'frappe.desk.query_report.run'}
2024-06-11 16:10:02,987 ERROR frappe New Exception collected in error log
Site: airplane.localhost
Form Dict: {'report_name': 'Revenue By Airline', 'filters': '{}', 'ignore_prepared_report': 'false', 'are_default_filters': 'true', 'cmd': 'frappe.desk.query_report.run'}
2024-06-11 16:11:04,120 ERROR frappe New Exception collected in error log
Site: airplane.localhost
Form Dict: {'report_name': 'Revenue By Airline', 'filters': '{}', 'ignore_prepared_report': 'false', 'are_default_filters': 'true', 'cmd': 'frappe.desk.query_report.run'}
2024-06-11 16:11:57,120 ERROR frappe New Exception collected in error log
Site: airplane.localhost
Form Dict: {'report_name': 'Revenue By Airline', 'filters': '{}', 'ignore_prepared_report': 'false', 'are_default_filters': 'true', 'cmd': 'frappe.desk.query_report.run'}
2024-06-11 16:15:34,906 ERROR frappe New Exception collected in error log
Site: airplane.localhost
Form Dict: {'report_name': 'Revenue By Airline', 'filters': '{}', 'ignore_prepared_report': 'false', 'are_default_filters': 'true', 'cmd': 'frappe.desk.query_report.run'}
2024-06-11 16:19:05,883 ERROR frappe New Exception collected in error log
Site: airplane.localhost
Form Dict: {'report_name': 'Revenue By Airline', 'filters': '{}', 'ignore_prepared_report': 'false', 'are_default_filters': 'true', 'cmd': 'frappe.desk.query_report.run'}
2024-06-11 16:21:27,389 ERROR frappe New Exception collected in error log
Site: airplane.localhost
Form Dict: {'report_name': 'Revenue By Airline', 'filters': '{}', 'ignore_prepared_report': 'false', 'are_default_filters': 'true', 'cmd': 'frappe.desk.query_report.run'}
2024-06-11 16:23:43,670 ERROR frappe New Exception collected in error log
Site: airplane.localhost
Form Dict: {'report_name': 'Revenue By Airline', 'filters': '{}', 'ignore_prepared_report': 'false', 'are_default_filters': 'true', 'cmd': 'frappe.desk.query_report.run'}
2024-06-11 16:24:30,747 ERROR frappe New Exception collected in error log
Site: airplane.localhost
Form Dict: {'report_name': 'Revenue By Airline', 'filters': '{}', 'ignore_prepared_report': 'false', 'are_default_filters': 'true', 'cmd': 'frappe.desk.query_report.run'}
2024-06-11 16:24:45,402 ERROR frappe New Exception collected in error log
Site: airplane.localhost
Form Dict: {'report_name': 'Revenue By Airline', 'filters': '{}', 'ignore_prepared_report': 'false', 'are_default_filters': 'true', 'cmd': 'frappe.desk.query_report.run'}
2024-06-11 16:24:54,609 ERROR frappe New Exception collected in error log
Site: airplane.localhost
Form Dict: {'report_name': 'Revenue By Airline', 'filters': '{}', 'ignore_prepared_report': 'false', 'are_default_filters': 'true', 'cmd': 'frappe.desk.query_report.run'}
2024-06-11 16:25:08,218 ERROR frappe New Exception collected in error log
Site: airplane.localhost
Form Dict: {'report_name': 'Revenue By Airline', 'filters': '{}', 'ignore_prepared_report': 'false', 'are_default_filters': 'true', 'cmd': 'frappe.desk.query_report.run'}
2024-06-11 16:25:11,314 ERROR frappe New Exception collected in error log
Site: airplane.localhost
Form Dict: {'report_name': 'Revenue By Airline', 'filters': '{}', 'ignore_prepared_report': 'false', 'are_default_filters': 'true', 'cmd': 'frappe.desk.query_report.run'}
2024-06-11 16:27:00,171 ERROR frappe New Exception collected in error log
Site: airplane.localhost
Form Dict: {'report_name': 'Revenue By Airline', 'filters': '{}', 'ignore_prepared_report': 'false', 'are_default_filters': 'true', 'cmd': 'frappe.desk.query_report.run'}
2024-06-11 16:27:09,183 ERROR frappe New Exception collected in error log
Site: airplane.localhost
Form Dict: {'report_name': 'Revenue By Airline', 'filters': '{}', 'ignore_prepared_report': 'false', 'are_default_filters': 'true', 'cmd': 'frappe.desk.query_report.run'}
2024-06-11 16:27:23,910 ERROR frappe New Exception collected in error log
Site: airplane.localhost
Form Dict: {'report_name': 'Revenue By Airline', 'filters': '{}', 'ignore_prepared_report': 'false', 'are_default_filters': 'true', 'cmd': 'frappe.desk.query_report.run'}
2024-06-11 16:27:39,595 ERROR frappe New Exception collected in error log
Site: airplane.localhost
Form Dict: {'report_name': 'Revenue By Airline', 'filters': '{}', 'ignore_prepared_report': 'false', 'are_default_filters': 'true', 'cmd': 'frappe.desk.query_report.run'}
2024-06-11 16:27:49,626 ERROR frappe New Exception collected in error log
Site: airplane.localhost
Form Dict: {'report_name': 'Revenue By Airline', 'filters': '{}', 'ignore_prepared_report': 'false', 'are_default_filters': 'true', 'cmd': 'frappe.desk.query_report.run'}
2024-06-11 16:28:18,272 ERROR frappe New Exception collected in error log
Site: airplane.localhost
Form Dict: {'report_name': 'Revenue By Airline', 'filters': '{}', 'ignore_prepared_report': 'false', 'are_default_filters': 'true', 'cmd': 'frappe.desk.query_report.run'}
2024-06-11 16:29:10,270 ERROR frappe New Exception collected in error log
Site: airplane.localhost
Form Dict: {'report_name': 'Revenue By Airline', 'filters': '{}', 'ignore_prepared_report': 'false', 'are_default_filters': 'true', 'cmd': 'frappe.desk.query_report.run'}
2024-06-11 16:29:55,748 ERROR frappe New Exception collected in error log
Site: airplane.localhost
Form Dict: {'report_name': 'Revenue By Airline', 'filters': '{}', 'ignore_prepared_report': 'false', 'are_default_filters': 'true', 'cmd': 'frappe.desk.query_report.run'}
2024-06-11 16:30:09,377 ERROR frappe New Exception collected in error log
Site: airplane.localhost
Form Dict: {'report_name': 'Revenue By Airline', 'filters': '{}', 'ignore_prepared_report': 'false', 'are_default_filters': 'true', 'cmd': 'frappe.desk.query_report.run'}
2024-06-11 16:30:23,148 ERROR frappe New Exception collected in error log
Site: airplane.localhost
Form Dict: {'report_name': 'Revenue By Airline', 'filters': '{}', 'ignore_prepared_report': 'false', 'are_default_filters': 'true', 'cmd': 'frappe.desk.query_report.run'}
2024-06-11 16:30:30,531 ERROR frappe New Exception collected in error log
Site: airplane.localhost
Form Dict: {'report_name': 'Revenue By Airline', 'filters': '{}', 'ignore_prepared_report': 'false', 'are_default_filters': 'true', 'cmd': 'frappe.desk.query_report.run'}
2024-06-11 16:35:56,044 ERROR frappe New Exception collected in error log
Site: airplane.localhost
Form Dict: {'report_name': 'Revenue By Airline', 'filters': '{}', 'ignore_prepared_report': 'false', 'are_default_filters': 'true', 'cmd': 'frappe.desk.query_report.run'}
2024-06-11 16:38:13,184 ERROR frappe New Exception collected in error log
Site: airplane.localhost
Form Dict: {'report_name': 'Revenue By Airline', 'filters': '{}', 'ignore_prepared_report': 'false', 'are_default_filters': 'true', 'cmd': 'frappe.desk.query_report.run'}
2024-06-11 17:19:36,011 ERROR frappe New Exception collected in error log
Site: airplane.localhost
Form Dict: {'report_name': 'Revenue By Airline', 'filters': '{}', 'ignore_prepared_report': 'false', 'are_default_filters': 'true', 'cmd': 'frappe.desk.query_report.run'}
2024-06-11 17:20:11,026 ERROR frappe New Exception collected in error log
Site: airplane.localhost
Form Dict: {'report_name': 'Revenue By Airline', 'filters': '{}', 'ignore_prepared_report': 'false', 'are_default_filters': 'true', 'cmd': 'frappe.desk.query_report.run'}
2024-06-11 17:22:23,187 ERROR frappe New Exception collected in error log
Site: airplane.localhost
Form Dict: {'report_name': 'Revenue By Airline', 'filters': '{}', 'ignore_prepared_report': 'false', 'are_default_filters': 'true', 'cmd': 'frappe.desk.query_report.run'}
2024-06-11 17:46:21,401 ERROR frappe New Exception collected in error log
Site: airplane.localhost
Form Dict: {'report_name': 'Revenue By Airline', 'filters': '{}', 'ignore_prepared_report': 'false', 'are_default_filters': 'true', 'cmd': 'frappe.desk.query_report.run'}
2024-06-11 17:49:27,374 ERROR frappe New Exception collected in error log
Site: airplane.localhost
Form Dict: {'report_name': 'Revenue By Airline', 'filters': '{}', 'ignore_prepared_report': 'false', 'are_default_filters': 'true', 'cmd': 'frappe.desk.query_report.run'}
2024-06-11 17:49:34,816 ERROR frappe New Exception collected in error log
Site: airplane.localhost
Form Dict: {'report_name': 'Revenue By Airline', 'filters': '{}', 'ignore_prepared_report': 'false', 'are_default_filters': 'true', 'cmd': 'frappe.desk.query_report.run'}
2024-06-12 09:38:12,279 ERROR frappe Error while inserting deferred Error Log record: Error Log mdtqqflmo1: 'Title' ((1064, "You have an error in your SQL syntax; check the manual that corresponds to your MariaDB server version for the right syntax to use near '='2'' at line 5")) will get truncated, as max characters allowed is 140
Site: airplane.localhost
Form Dict: {}
2024-06-12 09:38:12,282 ERROR frappe Error while inserting deferred Error Log record: Error Log mdtqqv0l7g: 'Title' ((1064, "You have an error in your SQL syntax; check the manual that corresponds to your MariaDB server version for the right syntax to use near '=2' at line 5")) will get truncated, as max characters allowed is 140
Site: airplane.localhost
Form Dict: {}
2024-06-13 19:14:04,490 ERROR frappe New Exception collected in error log
Site: airplane.localhost
Form Dict: {'doc': '{"docstatus":0,"doctype":"Notification","name":"new-notification-nimhscctyy","__islocal":1,"__unsaved":1,"owner":"Administrator","enabled":1,"channel":"SMS","is_standard":1,"event":"Save","days_in_advance":0,"send_system_notification":0,"send_to_all_assignees":0,"recipients":[{"docstatus":0,"doctype":"Notification Recipient","name":"new-notification-recipient-cnqhcssqcc","__islocal":1,"__unsaved":1,"owner":"Administrator","parent":"new-notification-nimhscctyy","parentfield":"recipients","parenttype":"Notification","idx":1,"__unedited":false,"receiver_by_role":"Flight Crew Member","receiver_by_document_field":"owner"}],"message_type":"HTML","message":"Hello \\n    Your gate No has been changed for your flight {{ doc.flight }} To {{ doc.gate_no }}.\\n    sorry for inconvenience.\\nThank you!","attach_print":0,"__newname":"Airplane flight gate No. has been changed","subject":"Gate No Changed to {{ doc.gate_no }}","document_type":"Airplane Flight","module":"Airplane Mode","condition":"doc.status==\\"Submitted\\"","set_property_after_alert":""}', 'action': 'Save', 'cmd': 'frappe.desk.form.save.savedocs'}
2024-06-13 19:14:55,694 ERROR frappe New Exception collected in error log
Site: airplane.localhost
Form Dict: {'doc': '{"docstatus":0,"doctype":"Notification","name":"new-notification-nimhscctyy","__islocal":1,"__unsaved":1,"owner":"Administrator","enabled":1,"channel":"SMS","is_standard":1,"event":"Save","days_in_advance":0,"send_system_notification":0,"send_to_all_assignees":0,"recipients":[{"docstatus":0,"doctype":"Notification Recipient","name":"new-notification-recipient-cnqhcssqcc","__islocal":1,"__unsaved":1,"owner":"Administrator","parent":"new-notification-nimhscctyy","parentfield":"recipients","parenttype":"Notification","idx":1,"__unedited":false,"receiver_by_role":"Flight Crew Member","receiver_by_document_field":"owner"}],"message_type":"HTML","message":"Hello \\n    Your gate No has been changed for your flight {{ doc.airplane }} To {{ doc.gate_no }}.\\n    sorry for inconvenience.\\nThank you!","attach_print":0,"__newname":"Airplane flight gate No. has been changed","subject":"Gate No Changed to {{ doc.gate_no }}","document_type":"Airplane Flight","module":"Airplane Mode","condition":"doc.status==\\"Submitted\\"","set_property_after_alert":""}', 'action': 'Save', 'cmd': 'frappe.desk.form.save.savedocs'}
2024-06-13 19:15:19,748 ERROR frappe New Exception collected in error log
Site: airplane.localhost
Form Dict: {'doc': '{"docstatus":0,"doctype":"Notification","name":"new-notification-nimhscctyy","__islocal":1,"__unsaved":1,"owner":"Administrator","enabled":1,"channel":"SMS","is_standard":1,"event":"Save","days_in_advance":0,"send_system_notification":0,"send_to_all_assignees":0,"recipients":[{"docstatus":0,"doctype":"Notification Recipient","name":"new-notification-recipient-cnqhcssqcc","__islocal":1,"__unsaved":1,"owner":"Administrator","parent":"new-notification-nimhscctyy","parentfield":"recipients","parenttype":"Notification","idx":1,"__unedited":false,"receiver_by_role":"Flight Crew Member","receiver_by_document_field":"owner"}],"message_type":"HTML","message":"Hello \\n    Your gate No has been changed for your flight {{ doc.airplane }} To {{ doc.gate_no }}.\\n    sorry for inconvenience.\\nThank you!","attach_print":0,"__newname":"Airplane flight gate No. has been changed","subject":"Gate No Changed to {{ doc.gate_no }}","document_type":"Airplane Flight","module":"Airplane Mode","condition":"doc.status==\\"Submitted\\"","set_property_after_alert":""}', 'action': 'Save', 'cmd': 'frappe.desk.form.save.savedocs'}
2024-06-13 19:15:38,448 ERROR frappe New Exception collected in error log
Site: airplane.localhost
Form Dict: {'doc': '{"docstatus":0,"doctype":"Notification","name":"new-notification-nimhscctyy","__islocal":1,"__unsaved":1,"owner":"Administrator","enabled":1,"channel":"SMS","is_standard":1,"event":"Save","days_in_advance":0,"send_system_notification":0,"send_to_all_assignees":0,"recipients":[{"docstatus":0,"doctype":"Notification Recipient","name":"new-notification-recipient-cnqhcssqcc","__islocal":1,"__unsaved":1,"owner":"Administrator","parent":"new-notification-nimhscctyy","parentfield":"recipients","parenttype":"Notification","idx":1,"__unedited":false,"receiver_by_role":"Flight Crew Member","receiver_by_document_field":"owner"}],"message_type":"HTML","message":"Hello \\n    Your gate No has been changed for your flight {{ airplane }} To {{ gate_no }}.\\n    sorry for inconvenience.\\nThank you!","attach_print":0,"__newname":"Airplane flight gate No. has been changed","subject":"Gate No Changed to {{ doc.gate_no }}","document_type":"Airplane Flight","module":"Airplane Mode","condition":"doc.status==\\"Submitted\\"","set_property_after_alert":""}', 'action': 'Save', 'cmd': 'frappe.desk.form.save.savedocs'}
2024-06-13 19:16:10,073 ERROR frappe New Exception collected in error log
Site: airplane.localhost
Form Dict: {'doc': '{"docstatus":0,"doctype":"Notification","name":"new-notification-nimhscctyy","__islocal":1,"__unsaved":1,"owner":"Administrator","enabled":1,"channel":"SMS","is_standard":1,"event":"Save","days_in_advance":0,"send_system_notification":0,"send_to_all_assignees":0,"recipients":[{"docstatus":0,"doctype":"Notification Recipient","name":"new-notification-recipient-cnqhcssqcc","__islocal":1,"__unsaved":1,"owner":"Administrator","parent":"new-notification-nimhscctyy","parentfield":"recipients","parenttype":"Notification","idx":1,"__unedited":false,"receiver_by_role":"Flight Crew Member","receiver_by_document_field":"owner"}],"message_type":"HTML","message":"Hello \\n    Your gate No has been changed for your flight {{ doc.airplane }} To {{ doc.gate_no }}.\\n    sorry for inconvenience.\\nThank you!","attach_print":0,"__newname":"Airplane flight gate No. has been changed","subject":"Gate No Changed to {{ doc.gate_no }}","document_type":"Airplane Flight","module":"Airplane Mode","condition":"doc.status==\\"Submitted\\"","set_property_after_alert":"gate_no"}', 'action': 'Save', 'cmd': 'frappe.desk.form.save.savedocs'}
2024-06-13 19:16:35,961 ERROR frappe New Exception collected in error log
Site: airplane.localhost
Form Dict: {'doc': '{"docstatus":0,"doctype":"Notification","name":"new-notification-nimhscctyy","__islocal":1,"__unsaved":1,"owner":"Administrator","enabled":1,"channel":"Email","is_standard":1,"event":"Save","days_in_advance":0,"send_system_notification":0,"send_to_all_assignees":0,"recipients":[{"docstatus":0,"doctype":"Notification Recipient","name":"new-notification-recipient-cnqhcssqcc","__islocal":1,"__unsaved":1,"owner":"Administrator","parent":"new-notification-nimhscctyy","parentfield":"recipients","parenttype":"Notification","idx":1,"__unedited":false,"receiver_by_role":"Flight Crew Member","receiver_by_document_field":"owner"}],"message_type":"HTML","message":"Hello \\n    Your gate No has been changed for your flight {{ doc.airplane }} To {{ doc.gate_no }}.\\n    sorry for inconvenience.\\nThank you!","attach_print":0,"__newname":"Airplane flight gate No. has been changed","subject":"Gate No Changed to {{ doc.gate_no }}","document_type":"Airplane Flight","module":"Airplane Mode","condition":"doc.status==\\"Submitted\\"","set_property_after_alert":""}', 'action': 'Save', 'cmd': 'frappe.desk.form.save.savedocs'}
2024-06-13 19:16:42,862 ERROR frappe New Exception collected in error log
Site: airplane.localhost
Form Dict: {'doc': '{"docstatus":0,"doctype":"Notification","name":"new-notification-nimhscctyy","__islocal":1,"__unsaved":1,"owner":"Administrator","enabled":1,"channel":"Email","is_standard":1,"event":"Save","days_in_advance":0,"send_system_notification":0,"send_to_all_assignees":0,"recipients":[{"docstatus":0,"doctype":"Notification Recipient","name":"new-notification-recipient-cnqhcssqcc","__islocal":1,"__unsaved":1,"owner":"Administrator","parent":"new-notification-nimhscctyy","parentfield":"recipients","parenttype":"Notification","idx":1,"__unedited":false,"receiver_by_role":"Flight Crew Member","receiver_by_document_field":"owner"}],"message_type":"HTML","message":"Hello \\n    Your gate No has been changed for your flight {{ doc.airplane }} To {{ doc.gate_no }}.\\n    sorry for inconvenience.\\nThank you!","attach_print":0,"__newname":"Airplane flight gate No. has been changed","subject":"Gate No Changed to","document_type":"Airplane Flight","module":"Airplane Mode","condition":"doc.status==\\"Submitted\\"","set_property_after_alert":""}', 'action': 'Save', 'cmd': 'frappe.desk.form.save.savedocs'}
2024-06-13 19:16:55,033 ERROR frappe New Exception collected in error log
Site: airplane.localhost
Form Dict: {'doc': '{"docstatus":0,"doctype":"Notification","name":"new-notification-nimhscctyy","__islocal":1,"__unsaved":1,"owner":"Administrator","enabled":1,"channel":"Email","is_standard":1,"event":"Save","days_in_advance":0,"send_system_notification":0,"send_to_all_assignees":0,"recipients":[{"docstatus":0,"doctype":"Notification Recipient","name":"new-notification-recipient-cnqhcssqcc","__islocal":1,"__unsaved":1,"owner":"Administrator","parent":"new-notification-nimhscctyy","parentfield":"recipients","parenttype":"Notification","idx":1,"__unedited":false,"receiver_by_role":"Flight Crew Member","receiver_by_document_field":"owner"}],"message_type":"HTML","message":"Hello \\n    Your gate No has been changed for your flight \\n    sorry for inconvenience.\\nThank you!","attach_print":0,"__newname":"Airplane flight gate No. has been changed","subject":"Gate No Changed to","document_type":"Airplane Flight","module":"Airplane Mode","condition":"doc.status==\\"Submitted\\"","set_property_after_alert":""}', 'action': 'Save', 'cmd': 'frappe.desk.form.save.savedocs'}
2024-06-13 19:17:16,823 ERROR frappe New Exception collected in error log
Site: airplane.localhost
Form Dict: {'doc': '{"docstatus":0,"doctype":"Notification","name":"new-notification-nimhscctyy","__islocal":1,"__unsaved":1,"owner":"Administrator","enabled":1,"channel":"Email","is_standard":1,"event":"Save","days_in_advance":0,"send_system_notification":0,"send_to_all_assignees":0,"recipients":[{"docstatus":0,"doctype":"Notification Recipient","name":"new-notification-recipient-cnqhcssqcc","__islocal":1,"__unsaved":1,"owner":"Administrator","parent":"new-notification-nimhscctyy","parentfield":"recipients","parenttype":"Notification","idx":1,"__unedited":false,"receiver_by_role":"Flight Crew Member","receiver_by_document_field":"owner"}],"message_type":"HTML","message":"Hello \\n    Your gate No has been changed for your flight \\n    sorry for inconvenience.\\nThank you!","attach_print":0,"__newname":"Airplane flight gate No. has been changed","subject":"Gate No Changed to","document_type":"Airplane Flight","module":"Airplane Mode","condition":"doc.status==\\"Submitted\\"","set_property_after_alert":""}', 'action': 'Save', 'cmd': 'frappe.desk.form.save.savedocs'}
2024-06-14 11:11:04,189 ERROR frappe New Exception collected in error log
Site: airplane.localhost
Form Dict: {'recipients': 'nirmal.r@brilworks.com, ', 'subject': 'Email Account: Nirmal Rathod', 'content': '<div class="ql-editor read-mode"><p>Test Email</p></div>', 'doctype': 'Email Account', 'name': 'Nirmal Rathod', 'send_email': '1', 'print_html': '', 'send_me_a_copy': '0', 'print_format': 'Standard', 'attachments': '[]', 'read_receipt': '0', 'print_letterhead': '1', 'send_after': '', 'print_language': 'en', 'cmd': 'frappe.core.doctype.communication.email.make'}
2024-06-14 11:12:42,471 ERROR frappe New Exception collected in error log
Site: airplane.localhost
Form Dict: {'name': 'cs6b8ivug5', 'cmd': 'frappe.email.doctype.email_queue.email_queue.send_now'}
2024-06-14 15:17:38,641 ERROR frappe New Exception collected in error log
Site: airplane.localhost
Form Dict: {'doctype': 'Airplane Flight', 'with_parent': '1', 'cached_timestamp': '', 'cmd': 'frappe.desk.form.load.getdoctype'}
2024-06-14 15:19:19,525 ERROR frappe New Exception collected in error log
Site: airplane.localhost
Form Dict: {'doctype': 'Airplane Flight', 'with_parent': '1', 'cached_timestamp': '', 'cmd': 'frappe.desk.form.load.getdoctype'}
2024-06-14 15:40:32,160 ERROR frappe New Exception collected in error log
Site: airplane.localhost
Form Dict: {'doc': '{"name":"IndiGo-054-06-2024-00066","owner":"Administrator","creation":"2024-06-14 15:30:27.223549","modified":"2024-06-14 15:39:28.817318","modified_by":"Administrator","docstatus":0,"idx":0,"source_airport":"Chennai International Airport","destination_airport":"Sardar Vallabhbhai Patel International Airport","airplane":"IndiGo-054","date_of_departure":"2024-07-01","time_of_departure":"15:30:11","duration":3600,"status":"Scheduled","source_airport_code":"MAA","destination_airport_code":"AMD","is_published":1,"route":"flights/indigo-054-06-2024-00066","gate_no":1,"doctype":"Airplane Flight","crew_members":[{"name":"hjqguqa030","owner":"Administrator","creation":"2024-06-14 15:30:27.223549","modified":"2024-06-14 15:39:28.817318","modified_by":"Administrator","docstatus":0,"idx":1,"crew_member":"Dhaval M - 62","position":"Pilot","parent":"IndiGo-054-06-2024-00066","parentfield":"crew_members","parenttype":"Airplane Flight","doctype":"Flight Crew Member"}],"__onload":{"is_website_generator":true,"published":1},"__unsaved":1}', 'action': 'Save', 'cmd': 'frappe.desk.form.save.savedocs'}
2024-06-14 15:59:37,483 ERROR frappe New Exception collected in error log
Site: airplane.localhost
Form Dict: {'doc': '{"name":"IndiGo-054-06-2024-00066","owner":"Administrator","creation":"2024-06-14 15:30:27.223549","modified":"2024-06-14 15:58:45.724339","modified_by":"Administrator","docstatus":0,"idx":0,"source_airport":"Chennai International Airport","destination_airport":"Sardar Vallabhbhai Patel International Airport","airplane":"IndiGo-054","date_of_departure":"2024-07-01","time_of_departure":"15:30:11","duration":3600,"status":"Scheduled","source_airport_code":"MAA","destination_airport_code":"AMD","is_published":1,"route":"flights/indigo-054-06-2024-00066","gate_no":1,"doctype":"Airplane Flight","crew_members":[{"name":"hjqguqa030","owner":"Administrator","creation":"2024-06-14 15:30:27.223549","modified":"2024-06-14 15:58:45.724339","modified_by":"Administrator","docstatus":0,"idx":1,"crew_member":"Dhaval M - 62","position":"Pilot","parent":"IndiGo-054-06-2024-00066","parentfield":"crew_members","parenttype":"Airplane Flight","doctype":"Flight Crew Member"}],"__onload":{"is_website_generator":true,"published":1},"__unsaved":1}', 'action': 'Save', 'cmd': 'frappe.desk.form.save.savedocs'}
2024-06-14 16:01:40,429 ERROR frappe New Exception collected in error log
Site: airplane.localhost
Form Dict: {'doc': '{"name":"IndiGo-054-06-2024-00066","owner":"Administrator","creation":"2024-06-14 15:30:27.223549","modified":"2024-06-14 15:58:45.724339","modified_by":"Administrator","docstatus":0,"idx":0,"source_airport":"Chennai International Airport","destination_airport":"Sardar Vallabhbhai Patel International Airport","airplane":"IndiGo-054","date_of_departure":"2024-07-01","time_of_departure":"15:30:11","duration":3600,"status":"Scheduled","source_airport_code":"MAA","destination_airport_code":"AMD","is_published":1,"route":"flights/indigo-054-06-2024-00066","gate_no":4,"doctype":"Airplane Flight","crew_members":[{"name":"hjqguqa030","owner":"Administrator","creation":"2024-06-14 15:30:27.223549","modified":"2024-06-14 15:58:45.724339","modified_by":"Administrator","docstatus":0,"idx":1,"crew_member":"Dhaval M - 62","position":"Pilot","parent":"IndiGo-054-06-2024-00066","parentfield":"crew_members","parenttype":"Airplane Flight","doctype":"Flight Crew Member"}],"__onload":{"is_website_generator":true,"published":1},"__last_sync_on":"2024-06-14T10:30:48.997Z","__unsaved":1}', 'action': 'Save', 'cmd': 'frappe.desk.form.save.savedocs'}
2024-06-14 16:03:35,279 ERROR frappe New Exception collected in error log
Site: airplane.localhost
Form Dict: {'doc': '{"name":"IndiGo-054-06-2024-00066","owner":"Administrator","creation":"2024-06-14 15:30:27.223549","modified":"2024-06-14 15:58:45.724339","modified_by":"Administrator","docstatus":0,"idx":0,"source_airport":"Chennai International Airport","destination_airport":"Sardar Vallabhbhai Patel International Airport","airplane":"IndiGo-054","date_of_departure":"2024-07-01","time_of_departure":"15:30:11","duration":3600,"status":"Scheduled","source_airport_code":"MAA","destination_airport_code":"AMD","is_published":1,"route":"flights/indigo-054-06-2024-00066","gate_no":4,"doctype":"Airplane Flight","crew_members":[{"name":"hjqguqa030","owner":"Administrator","creation":"2024-06-14 15:30:27.223549","modified":"2024-06-14 15:58:45.724339","modified_by":"Administrator","docstatus":0,"idx":1,"crew_member":"Dhaval M - 62","position":"Pilot","parent":"IndiGo-054-06-2024-00066","parentfield":"crew_members","parenttype":"Airplane Flight","doctype":"Flight Crew Member"}],"__onload":{"is_website_generator":true,"published":1},"__last_sync_on":"2024-06-14T10:33:26.363Z","__unsaved":1}', 'action': 'Save', 'cmd': 'frappe.desk.form.save.savedocs'}
2024-06-14 16:04:20,307 ERROR frappe New Exception collected in error log
Site: airplane.localhost
Form Dict: {'doc': '{"name":"IndiGo-054-06-2024-00066","owner":"Administrator","creation":"2024-06-14 15:30:27.223549","modified":"2024-06-14 15:58:45.724339","modified_by":"Administrator","docstatus":0,"idx":0,"source_airport":"Chennai International Airport","destination_airport":"Sardar Vallabhbhai Patel International Airport","airplane":"IndiGo-054","date_of_departure":"2024-07-01","time_of_departure":"15:30:11","duration":3600,"status":"Scheduled","source_airport_code":"MAA","destination_airport_code":"AMD","is_published":1,"route":"flights/indigo-054-06-2024-00066","gate_no":5,"doctype":"Airplane Flight","crew_members":[{"name":"hjqguqa030","owner":"Administrator","creation":"2024-06-14 15:30:27.223549","modified":"2024-06-14 15:58:45.724339","modified_by":"Administrator","docstatus":0,"idx":1,"crew_member":"Dhaval M - 62","position":"Pilot","parent":"IndiGo-054-06-2024-00066","parentfield":"crew_members","parenttype":"Airplane Flight","doctype":"Flight Crew Member"}],"__onload":{"is_website_generator":true,"published":1},"__last_sync_on":"2024-06-14T10:33:26.363Z","__unsaved":1}', 'action': 'Save', 'cmd': 'frappe.desk.form.save.savedocs'}
2024-06-14 16:07:04,469 ERROR frappe New Exception collected in error log
Site: airplane.localhost
Form Dict: {'doc': '{"name":"IndiGo-054-06-2024-00066","owner":"Administrator","creation":"2024-06-14 15:30:27.223549","modified":"2024-06-14 15:58:45.724339","modified_by":"Administrator","docstatus":0,"idx":0,"source_airport":"Chennai International Airport","destination_airport":"Sardar Vallabhbhai Patel International Airport","airplane":"IndiGo-054","date_of_departure":"2024-07-01","time_of_departure":"15:30:11","duration":3600,"status":"Scheduled","source_airport_code":"MAA","destination_airport_code":"AMD","is_published":1,"route":"flights/indigo-054-06-2024-00066","gate_no":5,"doctype":"Airplane Flight","crew_members":[{"name":"hjqguqa030","owner":"Administrator","creation":"2024-06-14 15:30:27.223549","modified":"2024-06-14 15:58:45.724339","modified_by":"Administrator","docstatus":0,"idx":1,"crew_member":"Dhaval M - 62","position":"Pilot","parent":"IndiGo-054-06-2024-00066","parentfield":"crew_members","parenttype":"Airplane Flight","doctype":"Flight Crew Member"}],"__onload":{"is_website_generator":true,"published":1},"__last_sync_on":"2024-06-14T10:36:56.105Z","__unsaved":1}', 'action': 'Save', 'cmd': 'frappe.desk.form.save.savedocs'}
2024-06-14 16:29:06,535 ERROR frappe New Exception collected in error log
Site: airplane.localhost
Form Dict: {'doc': '{"name":"IndiGo-054-06-2024-00066","owner":"Administrator","creation":"2024-06-14 15:30:27.223549","modified":"2024-06-14 16:27:04.343395","modified_by":"Administrator","docstatus":0,"idx":0,"source_airport":"Chennai International Airport","destination_airport":"Sardar Vallabhbhai Patel International Airport","airplane":"IndiGo-054","date_of_departure":"2024-07-01","time_of_departure":"15:30:11","duration":3600,"status":"Scheduled","source_airport_code":"MAA","destination_airport_code":"AMD","is_published":1,"route":"flights/indigo-054-06-2024-00066","gate_no":22,"doctype":"Airplane Flight","crew_members":[{"name":"hjqguqa030","owner":"Administrator","creation":"2024-06-14 15:30:27.223549","modified":"2024-06-14 16:27:04.343395","modified_by":"Administrator","docstatus":0,"idx":1,"crew_member":"Dhaval M - 62","position":"Pilot","parent":"IndiGo-054-06-2024-00066","parentfield":"crew_members","parenttype":"Airplane Flight","doctype":"Flight Crew Member"}],"__onload":{"is_website_generator":true,"published":1},"__unsaved":1}', 'action': 'Save', 'cmd': 'frappe.desk.form.save.savedocs'}
2024-06-14 16:31:32,158 ERROR frappe New Exception collected in error log
Site: airplane.localhost
Form Dict: {'doc': '{"name":"IndiGo-054-06-2024-00066","owner":"Administrator","creation":"2024-06-14 15:30:27.223549","modified":"2024-06-14 16:30:46.530872","modified_by":"Administrator","docstatus":0,"idx":0,"source_airport":"Chennai International Airport","destination_airport":"Sardar Vallabhbhai Patel International Airport","airplane":"IndiGo-054","date_of_departure":"2024-07-01","time_of_departure":"15:30:11","duration":3600,"status":"Scheduled","source_airport_code":"MAA","destination_airport_code":"AMD","is_published":1,"route":"flights/indigo-054-06-2024-00066","gate_no":9,"doctype":"Airplane Flight","crew_members":[{"name":"hjqguqa030","owner":"Administrator","creation":"2024-06-14 15:30:27.223549","modified":"2024-06-14 16:30:46.530872","modified_by":"Administrator","docstatus":0,"idx":1,"crew_member":"Dhaval M - 62","position":"Pilot","parent":"IndiGo-054-06-2024-00066","parentfield":"crew_members","parenttype":"Airplane Flight","doctype":"Flight Crew Member"}],"__onload":{"is_website_generator":true,"published":1},"__unsaved":1}', 'action': 'Save', 'cmd': 'frappe.desk.form.save.savedocs'}
2024-06-14 16:32:06,303 ERROR frappe New Exception collected in error log
Site: airplane.localhost
Form Dict: {'doc': '{"name":"IndiGo-054-06-2024-00066","owner":"Administrator","creation":"2024-06-14 15:30:27.223549","modified":"2024-06-14 16:30:46.530872","modified_by":"Administrator","docstatus":0,"idx":0,"source_airport":"Chennai International Airport","destination_airport":"Sardar Vallabhbhai Patel International Airport","airplane":"IndiGo-054","date_of_departure":"2024-07-01","time_of_departure":"15:30:11","duration":3600,"status":"Scheduled","source_airport_code":"MAA","destination_airport_code":"AMD","is_published":1,"route":"flights/indigo-054-06-2024-00066","gate_no":9,"doctype":"Airplane Flight","crew_members":[{"name":"hjqguqa030","owner":"Administrator","creation":"2024-06-14 15:30:27.223549","modified":"2024-06-14 16:30:46.530872","modified_by":"Administrator","docstatus":0,"idx":1,"crew_member":"Dhaval M - 62","position":"Pilot","parent":"IndiGo-054-06-2024-00066","parentfield":"crew_members","parenttype":"Airplane Flight","doctype":"Flight Crew Member"}],"__onload":{"is_website_generator":true,"published":1},"__last_sync_on":"2024-06-14T11:01:57.047Z","__unsaved":1}', 'action': 'Save', 'cmd': 'frappe.desk.form.save.savedocs'}
2024-06-14 16:33:02,672 ERROR frappe New Exception collected in error log
Site: airplane.localhost
Form Dict: {'doc': '{"name":"IndiGo-054-06-2024-00066","owner":"Administrator","creation":"2024-06-14 15:30:27.223549","modified":"2024-06-14 16:30:46.530872","modified_by":"Administrator","docstatus":0,"idx":0,"source_airport":"Chennai International Airport","destination_airport":"Sardar Vallabhbhai Patel International Airport","airplane":"IndiGo-054","date_of_departure":"2024-07-01","time_of_departure":"15:30:11","duration":3600,"status":"Scheduled","source_airport_code":"MAA","destination_airport_code":"AMD","is_published":1,"route":"flights/indigo-054-06-2024-00066","gate_no":6,"doctype":"Airplane Flight","crew_members":[{"name":"hjqguqa030","owner":"Administrator","creation":"2024-06-14 15:30:27.223549","modified":"2024-06-14 16:30:46.530872","modified_by":"Administrator","docstatus":0,"idx":1,"crew_member":"Dhaval M - 62","position":"Pilot","parent":"IndiGo-054-06-2024-00066","parentfield":"crew_members","parenttype":"Airplane Flight","doctype":"Flight Crew Member"}],"__onload":{"is_website_generator":true,"published":1},"__last_sync_on":"2024-06-14T11:01:57.047Z","__unsaved":1}', 'action': 'Save', 'cmd': 'frappe.desk.form.save.savedocs'}
2024-06-17 15:59:25,580 ERROR frappe New Exception collected in error log
Site: airplane.localhost
Form Dict: {'doc': '{"name":"British Airways-019-06-2024-00072","owner":"Administrator","creation":"2024-06-17 15:52:15.699014","modified":"2024-06-17 15:53:21.979358","modified_by":"Administrator","docstatus":0,"idx":0,"source_airport":"Chennai International Airport","destination_airport":"London Gatwick Airport","airplane":"British Airways-019","date_of_departure":"2024-06-26","time_of_departure":"15:53:13","duration":7200,"status":"Scheduled","source_airport_code":"MAA","destination_airport_code":"LGW","is_published":1,"gate_no":1,"doctype":"Airplane Flight","crew_members":[{"name":"13rdqkqsjl","owner":"Administrator","creation":"2024-06-17 15:52:15.699014","modified":"2024-06-17 15:53:21.979358","modified_by":"Administrator","docstatus":0,"idx":1,"crew_member":"Dhaval M - 60","position":"Cabin Services Director","parent":"British Airways-019-06-2024-00072","parentfield":"crew_members","parenttype":"Airplane Flight","doctype":"Flight Crew Member"}],"__onload":{"is_website_generator":true,"published":1},"__last_sync_on":"2024-06-17T10:29:15.103Z","__unsaved":1}', 'action': 'Save', 'cmd': 'frappe.desk.form.save.savedocs'}
2024-06-17 16:00:06,990 ERROR frappe New Exception collected in error log
Site: airplane.localhost
Form Dict: {'doc': '{"name":"British Airways-019-06-2024-00072","owner":"Administrator","creation":"2024-06-17 15:52:15.699014","modified":"2024-06-17 15:53:21.979358","modified_by":"Administrator","docstatus":0,"idx":0,"source_airport":"Chennai International Airport","destination_airport":"London Gatwick Airport","airplane":"British Airways-019","date_of_departure":"2024-06-26","time_of_departure":"15:53:13","duration":7200,"status":"Scheduled","source_airport_code":"MAA","destination_airport_code":"LGW","is_published":1,"gate_no":1,"doctype":"Airplane Flight","crew_members":[{"name":"13rdqkqsjl","owner":"Administrator","creation":"2024-06-17 15:52:15.699014","modified":"2024-06-17 15:53:21.979358","modified_by":"Administrator","docstatus":0,"idx":1,"crew_member":"Dhaval M - 60","position":"Cabin Services Director","parent":"British Airways-019-06-2024-00072","parentfield":"crew_members","parenttype":"Airplane Flight","doctype":"Flight Crew Member"}],"__onload":{"is_website_generator":true,"published":1},"__last_sync_on":"2024-06-17T10:29:15.103Z","__unsaved":1}', 'action': 'Save', 'cmd': 'frappe.desk.form.save.savedocs'}
